<?xml version="1.0" encoding="UTF-8"?>
<!-- Generated by org.testng.reporters.JUnitReportReporter -->
<testsuite skipped="0" hostname="DESKTOP-QHJCD6D" name="VerifylinksforClassesandEvents" tests="16" failures="0" timestamp="01 Nov 2017 07:25:44 GMT" time="652.954" errors="1">
  <testcase name="checkStVincentEvansvillePage" time="38.479" classname="VerifylinksforClassesandEvents"/>
  <testcase name="checkStVincentSalemPage" time="35.762" classname="VerifylinksforClassesandEvents"/>
  <testcase name="checkStVincentFishersPage" time="39.141" classname="VerifylinksforClassesandEvents"/>
  <testcase name="checkStVincentKokomoPage" time="27.873" classname="VerifylinksforClassesandEvents"/>
  <testcase name="checkStVincentAndersonPage" time="27.655" classname="VerifylinksforClassesandEvents"/>
  <testcase name="checkPeytonManningChildrensHospitalPage" time="69.478" classname="VerifylinksforClassesandEvents"/>
  <testcase name="checkStVincentDunnPage" time="26.036" classname="VerifylinksforClassesandEvents"/>
  <testcase name="checkStVincentWarrickPage" time="43.987" classname="VerifylinksforClassesandEvents"/>
  <testcase name="checkStVincentWilliamsportPage" time="42.154" classname="VerifylinksforClassesandEvents">
    <error type="org.openqa.selenium.ElementNotInteractableException" message="
Build info: version: &#039;unknown&#039;, revision: &#039;unknown&#039;, time: &#039;unknown&#039;
System info: host: &#039;DESKTOP-QHJCD6D&#039;, ip: &#039;192.168.1.10&#039;, os.name: &#039;Windows 10&#039;, os.arch: &#039;amd64&#039;, os.version: &#039;10.0&#039;, java.version: &#039;1.8.0_131&#039;
Driver info: org.openqa.selenium.firefox.FirefoxDriver
Capabilities [{moz:profile=C:\Users\ucreate\AppData\Local\Temp\rust_mozprofile.SOU4Ulwgtbly, rotatable=false, timeouts={implicit=0.0, pageLoad=300000.0, script=30000.0}, pageLoadStrategy=normal, moz:headless=false, platform=ANY, specificationLevel=0.0, moz:accessibilityChecks=false, acceptInsecureCerts=false, browserVersion=56.0.2, platformVersion=10.0, moz:processID=8336.0, browserName=firefox, javascriptEnabled=true, platformName=windows_nt}]
Session ID: e9b8f639-0b28-4a77-9187-5579cad6fb45">
      <![CDATA[org.openqa.selenium.ElementNotInteractableException: 
Build info: version: 'unknown', revision: 'unknown', time: 'unknown'
System info: host: 'DESKTOP-QHJCD6D', ip: '192.168.1.10', os.name: 'Windows 10', os.arch: 'amd64', os.version: '10.0', java.version: '1.8.0_131'
Driver info: org.openqa.selenium.firefox.FirefoxDriver
Capabilities [{moz:profile=C:\Users\ucreate\AppData\Local\Temp\rust_mozprofile.SOU4Ulwgtbly, rotatable=false, timeouts={implicit=0.0, pageLoad=300000.0, script=30000.0}, pageLoadStrategy=normal, moz:headless=false, platform=ANY, specificationLevel=0.0, moz:accessibilityChecks=false, acceptInsecureCerts=false, browserVersion=56.0.2, platformVersion=10.0, moz:processID=8336.0, browserName=firefox, javascriptEnabled=true, platformName=windows_nt}]
Session ID: e9b8f639-0b28-4a77-9187-5579cad6fb45
	at sun.reflect.NativeConstructorAccessorImpl.newInstance0(Native Method)
	at sun.reflect.NativeConstructorAccessorImpl.newInstance(Unknown Source)
	at sun.reflect.DelegatingConstructorAccessorImpl.newInstance(Unknown Source)
	at java.lang.reflect.Constructor.newInstance(Unknown Source)
	at org.openqa.selenium.remote.http.W3CHttpResponseCodec.createException(W3CHttpResponseCodec.java:150)
	at org.openqa.selenium.remote.http.W3CHttpResponseCodec.decode(W3CHttpResponseCodec.java:115)
	at org.openqa.selenium.remote.http.W3CHttpResponseCodec.decode(W3CHttpResponseCodec.java:45)
	at org.openqa.selenium.remote.HttpCommandExecutor.execute(HttpCommandExecutor.java:164)
	at org.openqa.selenium.remote.service.DriverCommandExecutor.execute(DriverCommandExecutor.java:82)
	at org.openqa.selenium.remote.RemoteWebDriver.execute(RemoteWebDriver.java:637)
	at org.openqa.selenium.remote.RemoteWebElement.execute(RemoteWebElement.java:272)
	at org.openqa.selenium.remote.RemoteWebElement.click(RemoteWebElement.java:82)
	at VerifylinksforClassesandEvents.checkStVincentWilliamsportPage(VerifylinksforClassesandEvents.java:237)
	at sun.reflect.NativeMethodAccessorImpl.invoke0(Native Method)
	at sun.reflect.NativeMethodAccessorImpl.invoke(Unknown Source)
	at sun.reflect.DelegatingMethodAccessorImpl.invoke(Unknown Source)
	at java.lang.reflect.Method.invoke(Unknown Source)
	at org.testng.internal.MethodInvocationHelper.invokeMethod(MethodInvocationHelper.java:108)
	at org.testng.internal.Invoker.invokeMethod(Invoker.java:661)
	at org.testng.internal.Invoker.invokeTestMethod(Invoker.java:869)
	at org.testng.internal.Invoker.invokeTestMethods(Invoker.java:1193)
	at org.testng.internal.TestMethodWorker.invokeTestMethods(TestMethodWorker.java:126)
	at org.testng.internal.TestMethodWorker.run(TestMethodWorker.java:109)
	at org.testng.TestRunner.privateRun(TestRunner.java:744)
	at org.testng.TestRunner.run(TestRunner.java:602)
	at org.testng.SuiteRunner.runTest(SuiteRunner.java:380)
	at org.testng.SuiteRunner.runSequentially(SuiteRunner.java:375)
	at org.testng.SuiteRunner.privateRun(SuiteRunner.java:340)
	at org.testng.SuiteRunner.run(SuiteRunner.java:289)
	at org.testng.SuiteRunnerWorker.runSuite(SuiteRunnerWorker.java:52)
	at org.testng.SuiteRunnerWorker.run(SuiteRunnerWorker.java:86)
	at org.testng.TestNG.runSuitesSequentially(TestNG.java:1301)
	at org.testng.TestNG.runSuitesLocally(TestNG.java:1226)
	at org.testng.TestNG.runSuites(TestNG.java:1144)
	at org.testng.TestNG.run(TestNG.java:1115)
	at org.testng.remote.AbstractRemoteTestNG.run(AbstractRemoteTestNG.java:132)
	at org.testng.remote.RemoteTestNG.initAndRun(RemoteTestNG.java:230)
	at org.testng.remote.RemoteTestNG.main(RemoteTestNG.java:76)
]]>
    </error>
  </testcase> <!-- checkStVincentWilliamsportPage -->
  <testcase name="checkStVincentIndianapolisPage" time="48.952" classname="VerifylinksforClassesandEvents"/>
  <testcase name="checkStVincentWomenHospitalPage" time="92.756" classname="VerifylinksforClassesandEvents"/>
  <testcase name="checkStVincentJenningsPage" time="30.224" classname="VerifylinksforClassesandEvents"/>
  <testcase name="checkStVincentCarmelPage" time="26.668" classname="VerifylinksforClassesandEvents"/>
  <testcase name="checkStVincentRandolphPage" time="40.277" classname="VerifylinksforClassesandEvents"/>
  <testcase name="checkStVincentClayPage" time="27.463" classname="VerifylinksforClassesandEvents"/>
  <testcase name="checkStVincentMercyPage" time="36.049" classname="VerifylinksforClassesandEvents"/>
</testsuite> <!-- VerifylinksforClassesandEvents -->
